<testsuite failures="0" name="src/test/java/features/login.feature" skipped="0" tests="3" time="0.044134">
  <testcase classname="src.test.java.features.login" name="Login with valid credentials" time="0.008465">
    <system-out>* print 'hello world' ..................................................... passed</system-out>
  </testcase>
  <testcase classname="src.test.java.features.login" name="invalid Login" time="0.010248">
    <system-out>* print 'hello world' ..................................................... passed
* print 'Hey Akash' ....................................................... passed</system-out>
  </testcase>
  <testcase classname="src.test.java.features.login" name="Add Two number" time="0.02542">
    <system-out>* print 'hello world' ..................................................... passed
* print 'Hey Akash' ....................................................... passed
* def a = 10 .............................................................. passed
* def b = 20 .............................................................. passed
* print a+""+b ............................................................ passed</system-out>
  </testcase>
</testsuite>
